{"level":"panic","msg":"mysql connect error: Error 1045: Access denied for user 'root'@'localhost' (using password: YES)","time":"2023-02-26 21:23:00"}
{"level":"panic","msg":"mysql connect error: Error 1045: Access denied for user 'root'@'120.245.112.22' (using password: YES)","time":"2023-02-26 21:23:52"}
{"level":"panic","msg":"mysql connect error: Error 1045: Access denied for user 'root'@'120.245.112.22' (using password: YES)","time":"2023-02-26 21:24:31"}
{"level":"info","msg":"","time":"2023-02-26 21:26:22"}
{"level":"info","msg":"","time":"2023-02-26 21:26:22"}
{"level":"info","msg":"","time":"2023-02-26 21:26:22"}
{"level":"info","msg":"","time":"2023-02-26 21:26:22"}
{"level":"info","msg":"","time":"2023-02-26 21:26:22"}
{"level":"info","msg":"","time":"2023-02-26 21:26:22"}
{"level":"info","msg":"","time":"2023-02-26 21:26:22"}
{"level":"info","msg":"","time":"2023-02-26 21:26:22"}
{"level":"info","msg":"","time":"2023-02-26 21:26:22"}
{"level":"info","msg":"","time":"2023-02-26 21:26:22"}
{"clientIp":"127.0.0.1","dataLength":0,"handle":"github.com/gin-gonic/gin.CustomRecoveryWithWriter.func1","httpCode":404,"latency":0,"level":"info","method":"POST","msg":"null","referer":"","requestBody":"","requestId":"11007c060f82dc1b:11007c060f82dc1b:0000000000000000:1","requestPath":"/health","retCode":0,"time":"2023-02-26 21:26:35","type":"http","userAgent":"PostmanRuntime-ApipostRuntime/1.1.0"}
{"clientIp":"127.0.0.1","dataLength":0,"handle":"github.com/gin-gonic/gin.CustomRecoveryWithWriter.func1","httpCode":404,"latency":0,"level":"info","method":"GET","msg":"null","referer":"","requestBody":"","requestId":"22a4ecba0ee912dd:22a4ecba0ee912dd:0000000000000000:1","requestPath":"/health","retCode":0,"time":"2023-02-26 21:26:38","type":"http","userAgent":"PostmanRuntime-ApipostRuntime/1.1.0"}
{"level":"info","msg":"","time":"2023-02-26 21:27:37"}
{"level":"info","msg":"","time":"2023-02-26 21:27:37"}
{"level":"info","msg":"","time":"2023-02-26 21:27:37"}
{"level":"info","msg":"","time":"2023-02-26 21:27:37"}
{"level":"info","msg":"","time":"2023-02-26 21:27:37"}
{"level":"info","msg":"","time":"2023-02-26 21:27:37"}
{"level":"info","msg":"","time":"2023-02-26 21:27:37"}
{"level":"info","msg":"","time":"2023-02-26 21:27:37"}
{"level":"info","msg":"","time":"2023-02-26 21:27:37"}
{"level":"info","msg":"","time":"2023-02-26 21:27:37"}
{"clientIp":"127.0.0.1","dataLength":0,"handle":"github.com/gin-gonic/gin.CustomRecoveryWithWriter.func1","httpCode":404,"latency":1,"level":"info","method":"GET","msg":"null","referer":"","requestBody":"","requestId":"504fa25b568ee4a8:504fa25b568ee4a8:0000000000000000:1","requestPath":"/health","retCode":0,"time":"2023-02-26 21:27:59","type":"http","userAgent":"PostmanRuntime-ApipostRuntime/1.1.0"}
{"level":"info","msg":"","time":"2023-02-26 21:32:15"}
{"level":"info","msg":"","time":"2023-02-26 21:32:15"}
{"level":"info","msg":"","time":"2023-02-26 21:32:15"}
{"level":"info","msg":"","time":"2023-02-26 21:32:15"}
{"level":"info","msg":"","time":"2023-02-26 21:32:15"}
{"level":"info","msg":"","time":"2023-02-26 21:32:15"}
{"level":"info","msg":"","time":"2023-02-26 21:32:15"}
{"level":"info","msg":"","time":"2023-02-26 21:32:15"}
{"level":"info","msg":"","time":"2023-02-26 21:32:15"}
{"level":"info","msg":"","time":"2023-02-26 21:32:15"}
{"level":"info","msg":"","time":"2023-02-26 21:52:29"}
{"level":"info","msg":"","time":"2023-02-26 21:52:29"}
{"level":"info","msg":"","time":"2023-02-26 21:52:29"}
{"level":"info","msg":"","time":"2023-02-26 21:52:29"}
{"level":"info","msg":"","time":"2023-02-26 21:52:29"}
{"level":"info","msg":"","time":"2023-02-26 21:52:29"}
{"level":"info","msg":"","time":"2023-02-26 21:52:29"}
{"level":"info","msg":"","time":"2023-02-26 21:52:29"}
{"level":"info","msg":"","time":"2023-02-26 21:52:29"}
{"level":"info","msg":"","time":"2023-02-26 21:52:29"}
{"clientIp":"127.0.0.1","dataLength":0,"handle":"github.com/gin-gonic/gin.CustomRecoveryWithWriter.func1","httpCode":404,"latency":0,"level":"info","method":"GET","msg":"null","referer":"","requestBody":"","requestId":"28c4753321997ec4:28c4753321997ec4:0000000000000000:1","requestPath":"/health","retCode":0,"time":"2023-02-26 21:52:41","type":"http","userAgent":"PostmanRuntime-ApipostRuntime/1.1.0"}
{"clientIp":"127.0.0.1","dataLength":0,"handle":"github.com/gin-gonic/gin.CustomRecoveryWithWriter.func1","httpCode":404,"latency":0,"level":"info","method":"GET","msg":"null","referer":"","requestBody":"","requestId":"190c35ce544196c4:190c35ce544196c4:0000000000000000:1","requestPath":"/health","retCode":0,"time":"2023-02-26 21:55:33","type":"http","userAgent":"PostmanRuntime-ApipostRuntime/1.1.0"}
