{"level":"info","msg":"","time":"2023-02-28 17:22:03"}
{"level":"info","msg":"","time":"2023-02-28 17:22:03"}
{"level":"info","msg":"","time":"2023-02-28 17:22:03"}
{"level":"info","msg":"","time":"2023-02-28 17:22:03"}
{"level":"info","msg":"","time":"2023-02-28 17:22:03"}
{"level":"info","msg":"","time":"2023-02-28 17:22:03"}
{"level":"info","msg":"","time":"2023-02-28 17:22:03"}
{"level":"info","msg":"","time":"2023-02-28 17:22:03"}
{"level":"info","msg":"","time":"2023-02-28 17:22:03"}
{"level":"info","msg":"","time":"2023-02-28 17:22:03"}
{"clientIp":"127.0.0.1","dataLength":0,"handle":"github.com/gin-gonic/gin.CustomRecoveryWithWriter.func1","httpCode":404,"latency":0,"level":"info","method":"GET","msg":"null","referer":"","requestBody":"","requestId":"5f38a7ea0d7b7692:5f38a7ea0d7b7692:0000000000000000:1","requestPath":"/health","retCode":0,"time":"2023-02-28 17:22:25","type":"http","userAgent":"PostmanRuntime-ApipostRuntime/1.1.0"}
{"clientIp":"127.0.0.1","dataLength":0,"handle":"github.com/gin-gonic/gin.CustomRecoveryWithWriter.func1","httpCode":404,"latency":0,"level":"info","method":"GET","msg":"null","referer":"","requestBody":"","requestId":"5a7d43353a991986:5a7d43353a991986:0000000000000000:1","requestPath":"/api/health","retCode":0,"time":"2023-02-28 17:23:26","type":"http","userAgent":"PostmanRuntime-ApipostRuntime/1.1.0"}
{"clientIp":"127.0.0.1","dataLength":0,"handle":"github.com/gin-gonic/gin.CustomRecoveryWithWriter.func1","httpCode":404,"latency":0,"level":"info","method":"GET","msg":"null","referer":"","requestBody":"","requestId":"2f89c4c45c8db23b:2f89c4c45c8db23b:0000000000000000:1","requestPath":"/api/getConfig","retCode":0,"time":"2023-02-28 17:23:30","type":"http","userAgent":"PostmanRuntime-ApipostRuntime/1.1.0"}
{"level":"info","msg":"","time":"2023-02-28 17:27:58"}
{"level":"info","msg":"","time":"2023-02-28 17:27:58"}
{"level":"info","msg":"","time":"2023-02-28 17:27:58"}
{"level":"info","msg":"","time":"2023-02-28 17:27:58"}
{"level":"info","msg":"","time":"2023-02-28 17:27:58"}
{"level":"info","msg":"","time":"2023-02-28 17:27:58"}
{"level":"info","msg":"","time":"2023-02-28 17:27:58"}
{"level":"info","msg":"","time":"2023-02-28 17:27:58"}
{"level":"info","msg":"","time":"2023-02-28 17:27:58"}
{"level":"info","msg":"","time":"2023-02-28 17:27:58"}
{"level":"info","msg":"","time":"2023-02-28 17:28:29"}
{"level":"info","msg":"","time":"2023-02-28 17:28:29"}
{"level":"info","msg":"","time":"2023-02-28 17:28:29"}
{"level":"info","msg":"","time":"2023-02-28 17:28:29"}
{"level":"info","msg":"","time":"2023-02-28 17:28:29"}
{"level":"info","msg":"","time":"2023-02-28 17:28:29"}
{"level":"info","msg":"","time":"2023-02-28 17:28:29"}
{"level":"info","msg":"","time":"2023-02-28 17:28:29"}
{"level":"info","msg":"","time":"2023-02-28 17:28:29"}
{"level":"info","msg":"","time":"2023-02-28 17:28:29"}
{"clientIp":"127.0.0.1","dataLength":0,"handle":"github.com/gin-gonic/gin.CustomRecoveryWithWriter.func1","httpCode":404,"latency":0,"level":"info","method":"GET","msg":"null","referer":"","requestBody":"","requestId":"75f21cbea351eb16:75f21cbea351eb16:0000000000000000:1","requestPath":"/api/getConfig","retCode":0,"time":"2023-02-28 17:28:32","type":"http","userAgent":"PostmanRuntime-ApipostRuntime/1.1.0"}
{"level":"info","msg":"","time":"2023-02-28 17:30:57"}
{"level":"info","msg":"","time":"2023-02-28 17:30:57"}
{"level":"info","msg":"","time":"2023-02-28 17:30:57"}
{"level":"info","msg":"","time":"2023-02-28 17:30:57"}
{"level":"info","msg":"","time":"2023-02-28 17:30:57"}
{"level":"info","msg":"","time":"2023-02-28 17:30:57"}
{"level":"info","msg":"","time":"2023-02-28 17:30:57"}
{"level":"info","msg":"","time":"2023-02-28 17:30:57"}
{"level":"info","msg":"","time":"2023-02-28 17:30:57"}
{"level":"info","msg":"","time":"2023-02-28 17:30:57"}
{"level":"info","msg":"","time":"2023-02-28 17:37:20"}
{"level":"info","msg":"","time":"2023-02-28 17:37:20"}
{"level":"info","msg":"","time":"2023-02-28 17:37:20"}
{"level":"info","msg":"","time":"2023-02-28 17:37:20"}
{"level":"info","msg":"","time":"2023-02-28 17:37:20"}
{"level":"info","msg":"","time":"2023-02-28 17:37:20"}
{"level":"info","msg":"","time":"2023-02-28 17:37:20"}
{"level":"info","msg":"","time":"2023-02-28 17:37:20"}
{"level":"info","msg":"","time":"2023-02-28 17:37:20"}
{"level":"info","msg":"","time":"2023-02-28 17:37:20"}
{"level":"info","msg":"","time":"2023-02-28 19:18:09"}
{"level":"info","msg":"","time":"2023-02-28 19:18:09"}
{"level":"info","msg":"","time":"2023-02-28 19:18:09"}
{"level":"info","msg":"","time":"2023-02-28 19:18:09"}
{"level":"info","msg":"","time":"2023-02-28 19:18:09"}
{"level":"info","msg":"","time":"2023-02-28 19:18:09"}
{"level":"info","msg":"","time":"2023-02-28 19:18:09"}
{"level":"info","msg":"","time":"2023-02-28 19:18:09"}
{"level":"info","msg":"","time":"2023-02-28 19:18:09"}
{"level":"info","msg":"","time":"2023-02-28 19:18:09"}
{"level":"info","msg":"","time":"2023-02-28 19:41:27"}
{"level":"info","msg":"","time":"2023-02-28 19:41:27"}
{"level":"info","msg":"","time":"2023-02-28 19:41:27"}
{"level":"info","msg":"","time":"2023-02-28 19:41:27"}
{"level":"info","msg":"","time":"2023-02-28 19:41:27"}
{"level":"info","msg":"","time":"2023-02-28 19:41:27"}
{"level":"info","msg":"","time":"2023-02-28 19:41:27"}
{"level":"info","msg":"","time":"2023-02-28 19:41:27"}
{"level":"info","msg":"","time":"2023-02-28 19:41:27"}
{"level":"info","msg":"","time":"2023-02-28 19:41:27"}
{"clientIp":"127.0.0.1","dataLength":0,"handle":"github.com/gin-gonic/gin.CustomRecoveryWithWriter.func1","httpCode":404,"latency":0,"level":"info","method":"GET","msg":"null","referer":"","requestBody":"","requestId":"757b6ecdf947af90:757b6ecdf947af90:0000000000000000:1","requestPath":"/health","retCode":0,"time":"2023-02-28 19:41:56","type":"http","userAgent":"PostmanRuntime-ApipostRuntime/1.1.0"}
{"clientIp":"127.0.0.1","dataLength":0,"handle":"main.main.func2","httpCode":200,"latency":0,"level":"info","method":"HEAD","msg":"null","referer":"","requestBody":"","requestId":"4e68f7bd1d2e8461:4e68f7bd1d2e8461:0000000000000000:1","requestPath":"/health","retCode":0,"time":"2023-02-28 19:43:38","type":"http","userAgent":"PostmanRuntime-ApipostRuntime/1.1.0"}
{"level":"info","msg":"","time":"2023-02-28 19:44:04"}
{"level":"info","msg":"","time":"2023-02-28 19:44:04"}
{"level":"info","msg":"","time":"2023-02-28 19:44:04"}
{"level":"info","msg":"","time":"2023-02-28 19:44:04"}
{"level":"info","msg":"","time":"2023-02-28 19:44:04"}
{"level":"info","msg":"","time":"2023-02-28 19:44:04"}
{"level":"info","msg":"","time":"2023-02-28 19:44:04"}
{"level":"info","msg":"","time":"2023-02-28 19:44:04"}
{"level":"info","msg":"","time":"2023-02-28 19:44:04"}
{"level":"info","msg":"","time":"2023-02-28 19:44:04"}
{"level":"info","msg":"","time":"2023-02-28 19:44:09"}
{"level":"info","msg":"","time":"2023-02-28 19:44:09"}
{"level":"info","msg":"","time":"2023-02-28 19:44:09"}
{"level":"info","msg":"","time":"2023-02-28 19:44:09"}
{"level":"info","msg":"","time":"2023-02-28 19:44:09"}
{"level":"info","msg":"","time":"2023-02-28 19:44:09"}
{"level":"info","msg":"","time":"2023-02-28 19:44:09"}
{"level":"info","msg":"","time":"2023-02-28 19:44:09"}
{"level":"info","msg":"","time":"2023-02-28 19:44:09"}
{"level":"info","msg":"","time":"2023-02-28 19:44:09"}
{"clientIp":"127.0.0.1","dataLength":34,"handle":"main.main.func1","httpCode":200,"latency":1,"level":"info","method":"HEAD","msg":"null","referer":"","requestBody":"","requestId":"1f17778c68fbb2bc:1f17778c68fbb2bc:0000000000000000:1","requestPath":"/health","retCode":0,"time":"2023-02-28 19:44:17","type":"http","userAgent":"PostmanRuntime-ApipostRuntime/1.1.0"}
{"level":"error","msg":"Key: 'ConfigParam.Key' Error:Field validation for 'Key' failed on the 'required' tag","requestId":"087363cf71fdcbc3:087363cf71fdcbc3:0000000000000000:1","time":"2023-02-28 19:44:51"}
{"clientIp":"127.0.0.1","dataLength":0,"handle":"github.com/basegin/controller.GetConfig","httpCode":200,"latency":1,"level":"info","method":"POST","msg":"null","referer":"","requestBody":"","requestId":"087363cf71fdcbc3:087363cf71fdcbc3:0000000000000000:1","requestPath":"/api/getConfig","retCode":0,"time":"2023-02-28 19:44:51","type":"http","userAgent":"PostmanRuntime-ApipostRuntime/1.1.0"}
{"level":"error","msg":"Key: 'ConfigParam.Key' Error:Field validation for 'Key' failed on the 'required' tag","requestId":"4985e67556bf1ecf:4985e67556bf1ecf:0000000000000000:1","time":"2023-02-28 19:45:09"}
{"clientIp":"127.0.0.1","dataLength":0,"handle":"github.com/basegin/controller.GetConfig","httpCode":200,"latency":5790,"level":"info","method":"POST","msg":"null","referer":"","requestBody":"","requestId":"4985e67556bf1ecf:4985e67556bf1ecf:0000000000000000:1","requestPath":"/api/getConfig","retCode":0,"time":"2023-02-28 19:45:11","type":"http","userAgent":"PostmanRuntime-ApipostRuntime/1.1.0"}
{"level":"info","msg":"","time":"2023-02-28 19:51:02"}
{"level":"info","msg":"","time":"2023-02-28 19:51:02"}
{"level":"info","msg":"","time":"2023-02-28 19:51:02"}
{"level":"info","msg":"","time":"2023-02-28 19:51:02"}
{"level":"info","msg":"","time":"2023-02-28 19:51:02"}
{"level":"info","msg":"","time":"2023-02-28 19:51:02"}
{"level":"info","msg":"","time":"2023-02-28 19:51:02"}
{"level":"info","msg":"","time":"2023-02-28 19:51:02"}
{"level":"info","msg":"","time":"2023-02-28 19:51:02"}
{"level":"info","msg":"","time":"2023-02-28 19:51:02"}
{"level":"error","msg":"Key: 'ConfigParam.Key' Error:Field validation for 'Key' failed on the 'required' tag","requestId":"11870a6d74a0f6ad:11870a6d74a0f6ad:0000000000000000:1","time":"2023-02-28 19:51:52"}
{"clientIp":"127.0.0.1","dataLength":0,"handle":"github.com/basegin/controller.GetConfig","httpCode":200,"latency":1,"level":"info","method":"POST","msg":"null","referer":"","requestBody":"","requestId":"11870a6d74a0f6ad:11870a6d74a0f6ad:0000000000000000:1","requestPath":"/api/getConfig","retCode":0,"time":"2023-02-28 19:51:52","type":"http","userAgent":"PostmanRuntime-ApipostRuntime/1.1.0"}
{"clientIp":"127.0.0.1","dataLength":0,"handle":"github.com/basegin/controller.SetRedis","httpCode":200,"latency":1,"level":"info","method":"GET","msg":"null","referer":"","requestBody":"","requestId":"2d201cbd99daa3ea:2d201cbd99daa3ea:0000000000000000:1","requestPath":"/api/setRedis","retCode":0,"time":"2023-02-28 19:51:58","type":"http","userAgent":"PostmanRuntime-ApipostRuntime/1.1.0"}
{"level":"info","msg":"","time":"2023-02-28 19:53:07"}
{"level":"info","msg":"","time":"2023-02-28 19:53:07"}
{"level":"info","msg":"","time":"2023-02-28 19:53:07"}
{"level":"info","msg":"","time":"2023-02-28 19:53:07"}
{"level":"info","msg":"","time":"2023-02-28 19:53:07"}
{"level":"info","msg":"","time":"2023-02-28 19:53:07"}
{"level":"info","msg":"","time":"2023-02-28 19:53:07"}
{"level":"info","msg":"","time":"2023-02-28 19:53:07"}
{"level":"info","msg":"","time":"2023-02-28 19:53:07"}
{"level":"info","msg":"","time":"2023-02-28 19:53:07"}
{"clientIp":"127.0.0.1","dataLength":5,"handle":"github.com/basegin/controller.SetRedis","httpCode":200,"latency":1,"level":"info","method":"GET","msg":"null","referer":"","requestBody":"","requestId":"79df491d8bb3f03c:79df491d8bb3f03c:0000000000000000:1","requestPath":"/api/setRedis","retCode":0,"time":"2023-02-28 19:53:15","type":"http","userAgent":"PostmanRuntime-ApipostRuntime/1.1.0"}
{"level":"info","msg":"","time":"2023-02-28 19:55:37"}
{"level":"info","msg":"","time":"2023-02-28 19:55:37"}
{"level":"info","msg":"","time":"2023-02-28 19:55:37"}
{"level":"info","msg":"","time":"2023-02-28 19:55:37"}
{"level":"info","msg":"","time":"2023-02-28 19:55:37"}
{"level":"info","msg":"","time":"2023-02-28 19:55:37"}
{"level":"info","msg":"","time":"2023-02-28 19:55:37"}
{"level":"info","msg":"","time":"2023-02-28 19:55:37"}
{"level":"info","msg":"","time":"2023-02-28 19:55:37"}
{"level":"info","msg":"","time":"2023-02-28 19:55:37"}
{"clientIp":"127.0.0.1","dataLength":35,"handle":"github.com/basegin/controller.SetRedis","httpCode":200,"latency":1,"level":"info","method":"GET","msg":"null","referer":"","requestBody":"","requestId":"2fa781ed0076a906:2fa781ed0076a906:0000000000000000:1","requestPath":"/api/setRedis","retCode":0,"time":"2023-02-28 19:55:46","type":"http","userAgent":"PostmanRuntime-ApipostRuntime/1.1.0"}
{"level":"info","msg":"","time":"2023-02-28 19:56:01"}
{"level":"info","msg":"","time":"2023-02-28 19:56:01"}
{"level":"info","msg":"","time":"2023-02-28 19:56:01"}
{"level":"info","msg":"","time":"2023-02-28 19:56:01"}
{"level":"info","msg":"","time":"2023-02-28 19:56:01"}
{"level":"info","msg":"","time":"2023-02-28 19:56:01"}
{"level":"info","msg":"","time":"2023-02-28 19:56:01"}
{"level":"info","msg":"","time":"2023-02-28 19:56:01"}
{"level":"info","msg":"","time":"2023-02-28 19:56:01"}
{"level":"info","msg":"","time":"2023-02-28 19:56:01"}
{"level":"info","msg":"","time":"2023-02-28 20:06:54"}
{"level":"info","msg":"","time":"2023-02-28 20:06:54"}
{"level":"info","msg":"","time":"2023-02-28 20:06:54"}
{"level":"info","msg":"","time":"2023-02-28 20:06:54"}
{"level":"info","msg":"","time":"2023-02-28 20:06:54"}
{"level":"info","msg":"","time":"2023-02-28 20:06:54"}
{"level":"info","msg":"","time":"2023-02-28 20:06:54"}
{"level":"info","msg":"","time":"2023-02-28 20:06:54"}
{"level":"info","msg":"","time":"2023-02-28 20:06:54"}
{"level":"info","msg":"","time":"2023-02-28 20:06:54"}
{"level":"info","msg":"","time":"2023-02-28 20:11:53"}
{"level":"info","msg":"","time":"2023-02-28 20:11:53"}
{"level":"info","msg":"","time":"2023-02-28 20:11:53"}
{"level":"info","msg":"","time":"2023-02-28 20:11:53"}
{"level":"info","msg":"","time":"2023-02-28 20:11:53"}
{"level":"info","msg":"","time":"2023-02-28 20:11:53"}
{"level":"info","msg":"","time":"2023-02-28 20:11:53"}
{"level":"info","msg":"","time":"2023-02-28 20:11:53"}
{"level":"info","msg":"","time":"2023-02-28 20:11:53"}
{"level":"info","msg":"","time":"2023-02-28 20:11:53"}
{"clientIp":"127.0.0.1","dataLength":33,"handle":"github.com/basegin/controller.SetRedis","httpCode":200,"latency":2,"level":"info","method":"GET","msg":"null","referer":"","requestBody":"","requestId":"79178ec8d2127bc9:79178ec8d2127bc9:0000000000000000:1","requestPath":"/api/setRedis","retCode":0,"time":"2023-02-28 20:11:56","type":"http","userAgent":"PostmanRuntime-ApipostRuntime/1.1.0"}
{"level":"info","msg":"","time":"2023-02-28 20:21:44"}
{"level":"info","msg":"","time":"2023-02-28 20:21:44"}
{"level":"info","msg":"","time":"2023-02-28 20:21:44"}
{"level":"info","msg":"","time":"2023-02-28 20:21:44"}
{"level":"info","msg":"","time":"2023-02-28 20:21:44"}
{"level":"info","msg":"","time":"2023-02-28 20:21:44"}
{"level":"info","msg":"","time":"2023-02-28 20:21:44"}
{"level":"info","msg":"","time":"2023-02-28 20:21:44"}
{"level":"info","msg":"","time":"2023-02-28 20:21:44"}
{"level":"info","msg":"","time":"2023-02-28 20:21:44"}
{"clientIp":"127.0.0.1","dataLength":33,"handle":"github.com/basegin/controller.GetRedis","httpCode":200,"latency":1,"level":"info","method":"GET","msg":"null","referer":"","requestBody":"","requestId":"7390ba10aa89699b:7390ba10aa89699b:0000000000000000:1","requestPath":"/api/getRedis","retCode":0,"time":"2023-02-28 20:21:50","type":"http","userAgent":"PostmanRuntime-ApipostRuntime/1.1.0"}
{"level":"info","msg":"","time":"2023-02-28 20:23:17"}
{"level":"info","msg":"","time":"2023-02-28 20:23:17"}
{"level":"info","msg":"","time":"2023-02-28 20:23:17"}
{"level":"info","msg":"","time":"2023-02-28 20:23:17"}
{"level":"info","msg":"","time":"2023-02-28 20:23:17"}
{"level":"info","msg":"","time":"2023-02-28 20:23:17"}
{"level":"info","msg":"","time":"2023-02-28 20:23:17"}
{"level":"info","msg":"","time":"2023-02-28 20:23:17"}
{"level":"info","msg":"","time":"2023-02-28 20:23:17"}
{"level":"info","msg":"","time":"2023-02-28 20:23:17"}
{"level":"info","msg":"","time":"2023-02-28 20:23:24"}
{"level":"info","msg":"","time":"2023-02-28 20:23:24"}
{"level":"info","msg":"","time":"2023-02-28 20:23:24"}
{"level":"info","msg":"","time":"2023-02-28 20:23:24"}
{"level":"info","msg":"","time":"2023-02-28 20:23:24"}
{"level":"info","msg":"","time":"2023-02-28 20:23:24"}
{"level":"info","msg":"","time":"2023-02-28 20:23:24"}
{"level":"info","msg":"","time":"2023-02-28 20:23:24"}
{"level":"info","msg":"","time":"2023-02-28 20:23:24"}
{"level":"info","msg":"","time":"2023-02-28 20:23:24"}
{"clientIp":"127.0.0.1","dataLength":67,"handle":"github.com/basegin/controller.GetRedis","httpCode":200,"latency":2,"level":"info","method":"GET","msg":"null","referer":"","requestBody":"","requestId":"4c23ead5a7190e2a:4c23ead5a7190e2a:0000000000000000:1","requestPath":"/api/getRedis","retCode":0,"time":"2023-02-28 20:23:26","type":"http","userAgent":"PostmanRuntime-ApipostRuntime/1.1.0"}
{"level":"info","msg":"","time":"2023-02-28 20:24:49"}
{"level":"info","msg":"","time":"2023-02-28 20:24:49"}
{"level":"info","msg":"","time":"2023-02-28 20:24:49"}
{"level":"info","msg":"","time":"2023-02-28 20:24:49"}
{"level":"info","msg":"","time":"2023-02-28 20:24:49"}
{"level":"info","msg":"","time":"2023-02-28 20:24:49"}
{"level":"info","msg":"","time":"2023-02-28 20:24:49"}
{"level":"info","msg":"","time":"2023-02-28 20:24:49"}
{"level":"info","msg":"","time":"2023-02-28 20:24:49"}
{"level":"info","msg":"","time":"2023-02-28 20:24:49"}
{"clientIp":"127.0.0.1","dataLength":78,"handle":"github.com/basegin/controller.GetRedis","httpCode":200,"latency":0,"level":"info","method":"GET","msg":"null","referer":"","requestBody":"","requestId":"290b62eba26cd442:290b62eba26cd442:0000000000000000:1","requestPath":"/api/getRedis?val=val%E5%80%BC","retCode":0,"time":"2023-02-28 20:24:56","type":"http","userAgent":"PostmanRuntime-ApipostRuntime/1.1.0"}
{"level":"info","msg":"","time":"2023-02-28 20:26:05"}
{"level":"info","msg":"","time":"2023-02-28 20:26:05"}
{"level":"info","msg":"","time":"2023-02-28 20:26:05"}
{"level":"info","msg":"","time":"2023-02-28 20:26:05"}
{"level":"info","msg":"","time":"2023-02-28 20:26:05"}
{"level":"info","msg":"","time":"2023-02-28 20:26:05"}
{"level":"info","msg":"","time":"2023-02-28 20:26:05"}
{"level":"info","msg":"","time":"2023-02-28 20:26:05"}
{"level":"info","msg":"","time":"2023-02-28 20:26:05"}
{"level":"info","msg":"","time":"2023-02-28 20:26:05"}
{"clientIp":"127.0.0.1","dataLength":78,"handle":"github.com/basegin/controller.GetRedis","httpCode":200,"latency":1,"level":"info","method":"GET","msg":"null","referer":"","requestBody":"","requestId":"2cfb39126c2ecf7f:2cfb39126c2ecf7f:0000000000000000:1","requestPath":"/api/getRedis?val=val%E5%80%BC","retCode":0,"time":"2023-02-28 20:26:12","type":"http","userAgent":"PostmanRuntime-ApipostRuntime/1.1.0"}
{"level":"info","msg":"","time":"2023-02-28 20:35:16"}
{"level":"info","msg":"","time":"2023-02-28 20:35:16"}
{"level":"info","msg":"","time":"2023-02-28 20:35:16"}
{"level":"info","msg":"","time":"2023-02-28 20:35:16"}
{"level":"info","msg":"","time":"2023-02-28 20:35:16"}
{"level":"info","msg":"","time":"2023-02-28 20:35:16"}
{"level":"info","msg":"","time":"2023-02-28 20:35:16"}
{"level":"info","msg":"","time":"2023-02-28 20:35:16"}
{"level":"info","msg":"","time":"2023-02-28 20:35:16"}
{"level":"info","msg":"","time":"2023-02-28 20:35:16"}
{"level":"info","msg":"","time":"2023-02-28 20:35:36"}
{"level":"info","msg":"","time":"2023-02-28 20:35:36"}
{"level":"info","msg":"","time":"2023-02-28 20:35:36"}
{"level":"info","msg":"","time":"2023-02-28 20:35:36"}
{"level":"info","msg":"","time":"2023-02-28 20:35:36"}
{"level":"info","msg":"","time":"2023-02-28 20:35:36"}
{"level":"info","msg":"","time":"2023-02-28 20:35:36"}
{"level":"info","msg":"","time":"2023-02-28 20:35:36"}
{"level":"info","msg":"","time":"2023-02-28 20:35:36"}
{"level":"info","msg":"","time":"2023-02-28 20:35:36"}
{"clientIp":"127.0.0.1","dataLength":78,"handle":"github.com/basegin/controller.GetRedis","httpCode":200,"latency":47012,"level":"info","method":"GET","msg":"null","referer":"","requestBody":"","requestId":"63b5da47b4ccb728:63b5da47b4ccb728:0000000000000000:1","requestPath":"/api/getRedis?val=val%E5%80%BC","retCode":0,"time":"2023-02-28 20:36:27","type":"http","userAgent":"PostmanRuntime-ApipostRuntime/1.1.0"}
{"clientIp":"127.0.0.1","dataLength":78,"handle":"github.com/basegin/controller.GetRedis","httpCode":200,"latency":25000,"level":"info","method":"GET","msg":"null","referer":"","requestBody":"","requestId":"287341931f90e64d:287341931f90e64d:0000000000000000:1","requestPath":"/api/getRedis?val=val%E5%80%BC","retCode":0,"time":"2023-02-28 20:37:56","type":"http","userAgent":"PostmanRuntime-ApipostRuntime/1.1.0"}
{"level":"error","msg":"Key: 'ConfigParam.Key' Error:Field validation for 'Key' failed on the 'required' tag","requestId":"74c339bfbf37e313:74c339bfbf37e313:0000000000000000:1","time":"2023-02-28 20:39:02"}
{"clientIp":"127.0.0.1","dataLength":0,"handle":"github.com/basegin/controller.GetConfig","httpCode":200,"latency":0,"level":"info","method":"POST","msg":"null","referer":"","requestBody":"","requestId":"74c339bfbf37e313:74c339bfbf37e313:0000000000000000:1","requestPath":"/api/getConfig","retCode":0,"time":"2023-02-28 20:39:02","type":"http","userAgent":"PostmanRuntime-ApipostRuntime/1.1.0"}
{"clientIp":"127.0.0.1","dataLength":0,"handle":"github.com/gin-gonic/gin.CustomRecoveryWithWriter.func1","httpCode":404,"latency":0,"level":"info","method":"POST","msg":"null","referer":"","requestBody":"","requestId":"2604cb5a08cb995c:2604cb5a08cb995c:0000000000000000:1","requestPath":"/health","retCode":0,"time":"2023-02-28 20:39:13","type":"http","userAgent":"PostmanRuntime-ApipostRuntime/1.1.0"}
{"clientIp":"127.0.0.1","dataLength":0,"handle":"github.com/gin-gonic/gin.CustomRecoveryWithWriter.func1","httpCode":404,"latency":0,"level":"info","method":"GET","msg":"null","referer":"","requestBody":"","requestId":"0d9d36831f07f20b:0d9d36831f07f20b:0000000000000000:1","requestPath":"/health","retCode":0,"time":"2023-02-28 20:39:21","type":"http","userAgent":"PostmanRuntime-ApipostRuntime/1.1.0"}
{"clientIp":"127.0.0.1","dataLength":34,"handle":"main.main.func1","httpCode":200,"latency":30341,"level":"info","method":"HEAD","msg":"null","referer":"","requestBody":"","requestId":"0e57f681ea28281d:0e57f681ea28281d:0000000000000000:1","requestPath":"/health","retCode":0,"time":"2023-02-28 20:39:59","type":"http","userAgent":"PostmanRuntime-ApipostRuntime/1.1.0"}
{"clientIp":"127.0.0.1","dataLength":34,"handle":"main.main.func1","httpCode":200,"latency":170,"level":"info","method":"HEAD","msg":"null","referer":"","requestBody":"","requestId":"1cfba3874395bc1a:1cfba3874395bc1a:0000000000000000:1","requestPath":"/health?val=value","retCode":0,"time":"2023-02-28 20:39:59","type":"http","userAgent":"PostmanRuntime-ApipostRuntime/1.1.0"}
{"clientIp":"127.0.0.1","dataLength":34,"handle":"main.main.func1","httpCode":200,"latency":40263,"level":"info","method":"HEAD","msg":"null","referer":"","requestBody":"","requestId":"26a2103caac7db55:26a2103caac7db55:0000000000000000:1","requestPath":"/health?val=value","retCode":0,"time":"2023-02-28 20:40:42","type":"http","userAgent":"PostmanRuntime-ApipostRuntime/1.1.0"}
{"level":"info","msg":"","time":"2023-02-28 20:40:47"}
{"level":"info","msg":"","time":"2023-02-28 20:40:47"}
{"level":"info","msg":"","time":"2023-02-28 20:40:47"}
{"level":"info","msg":"","time":"2023-02-28 20:40:47"}
{"level":"info","msg":"","time":"2023-02-28 20:40:47"}
{"level":"info","msg":"","time":"2023-02-28 20:40:47"}
{"level":"info","msg":"","time":"2023-02-28 20:40:47"}
{"level":"info","msg":"","time":"2023-02-28 20:40:47"}
{"level":"info","msg":"","time":"2023-02-28 20:40:47"}
{"level":"info","msg":"","time":"2023-02-28 20:40:47"}
{"clientIp":"127.0.0.1","dataLength":44,"handle":"main.main.func1","httpCode":200,"latency":14009,"level":"info","method":"HEAD","msg":"null","referer":"","requestBody":"","requestId":"1166c06134dfa1d9:1166c06134dfa1d9:0000000000000000:1","requestPath":"/health?val=value","retCode":0,"time":"2023-02-28 20:41:04","type":"http","userAgent":"PostmanRuntime-ApipostRuntime/1.1.0"}
{"clientIp":"127.0.0.1","dataLength":44,"handle":"main.main.func1","httpCode":200,"latency":3719,"level":"info","method":"HEAD","msg":"null","referer":"","requestBody":"","requestId":"0fc62b186e0d3756:0fc62b186e0d3756:0000000000000000:1","requestPath":"/health?val=value","retCode":0,"time":"2023-02-28 20:41:12","type":"http","userAgent":"PostmanRuntime-ApipostRuntime/1.1.0"}
{"clientIp":"127.0.0.1","dataLength":44,"handle":"main.main.func1","httpCode":200,"latency":0,"level":"info","method":"HEAD","msg":"null","referer":"","requestBody":"","requestId":"54b20475ff05f794:54b20475ff05f794:0000000000000000:1","requestPath":"/health?val=value","retCode":0,"time":"2023-02-28 20:41:15","type":"http","userAgent":"PostmanRuntime-ApipostRuntime/1.1.0"}
{"level":"info","msg":"","time":"2023-02-28 20:41:27"}
{"level":"info","msg":"","time":"2023-02-28 20:41:27"}
{"level":"info","msg":"","time":"2023-02-28 20:41:27"}
{"level":"info","msg":"","time":"2023-02-28 20:41:27"}
{"level":"info","msg":"","time":"2023-02-28 20:41:27"}
{"level":"info","msg":"","time":"2023-02-28 20:41:27"}
{"level":"info","msg":"","time":"2023-02-28 20:41:27"}
{"level":"info","msg":"","time":"2023-02-28 20:41:27"}
{"level":"info","msg":"","time":"2023-02-28 20:41:27"}
{"level":"info","msg":"","time":"2023-02-28 20:41:27"}
{"clientIp":"127.0.0.1","dataLength":44,"handle":"main.main.func1","httpCode":200,"latency":0,"level":"info","method":"GET","msg":"null","referer":"","requestBody":"","requestId":"587f03300e121509:587f03300e121509:0000000000000000:1","requestPath":"/health?val=value","retCode":0,"time":"2023-02-28 20:41:31","type":"http","userAgent":"PostmanRuntime-ApipostRuntime/1.1.0"}
{"level":"info","msg":"","time":"2023-02-28 20:42:08"}
{"level":"info","msg":"","time":"2023-02-28 20:42:08"}
{"level":"info","msg":"","time":"2023-02-28 20:42:08"}
{"level":"info","msg":"","time":"2023-02-28 20:42:08"}
{"level":"info","msg":"","time":"2023-02-28 20:42:08"}
{"level":"info","msg":"","time":"2023-02-28 20:42:08"}
{"level":"info","msg":"","time":"2023-02-28 20:42:08"}
{"level":"info","msg":"","time":"2023-02-28 20:42:08"}
{"level":"info","msg":"","time":"2023-02-28 20:42:08"}
{"level":"info","msg":"","time":"2023-02-28 20:42:08"}
{"clientIp":"127.0.0.1","dataLength":45,"handle":"main.main.func1","httpCode":200,"latency":0,"level":"info","method":"GET","msg":"null","referer":"","requestBody":"","requestId":"1a2e647067a8c4b9:1a2e647067a8c4b9:0000000000000000:1","requestPath":"/health/?val=value","retCode":0,"time":"2023-02-28 20:42:21","type":"http","userAgent":"PostmanRuntime-ApipostRuntime/1.1.0"}
{"clientIp":"127.0.0.1","dataLength":45,"handle":"main.main.func1","httpCode":200,"latency":13787,"level":"info","method":"GET","msg":"null","referer":"","requestBody":"","requestId":"2b5e049c5f2f826d:2b5e049c5f2f826d:0000000000000000:1","requestPath":"/health/?val=value","retCode":0,"time":"2023-02-28 20:43:57","type":"http","userAgent":"PostmanRuntime-ApipostRuntime/1.1.0"}
{"level":"info","msg":"","time":"2023-02-28 20:55:47"}
{"level":"info","msg":"","time":"2023-02-28 20:55:47"}
{"level":"info","msg":"","time":"2023-02-28 20:55:47"}
{"level":"info","msg":"","time":"2023-02-28 20:55:47"}
{"level":"info","msg":"","time":"2023-02-28 20:55:47"}
{"level":"info","msg":"","time":"2023-02-28 20:55:47"}
{"level":"info","msg":"","time":"2023-02-28 20:55:47"}
{"level":"info","msg":"","time":"2023-02-28 20:55:47"}
{"level":"info","msg":"","time":"2023-02-28 20:55:47"}
{"level":"info","msg":"","time":"2023-02-28 20:55:47"}
{"clientIp":"127.0.0.1","dataLength":0,"handle":"github.com/gin-gonic/gin.CustomRecoveryWithWriter.func1","httpCode":404,"latency":0,"level":"info","method":"GET","msg":"null","referer":"","requestBody":"","requestId":"374b8737e8963464:374b8737e8963464:0000000000000000:1","requestPath":"/health?val=value","retCode":0,"time":"2023-02-28 20:55:47","type":"http","userAgent":"PostmanRuntime-ApipostRuntime/1.1.0"}
{"clientIp":"127.0.0.1","dataLength":0,"handle":"github.com/gin-gonic/gin.CustomRecoveryWithWriter.func1","httpCode":404,"latency":0,"level":"info","method":"GET","msg":"null","referer":"","requestBody":"","requestId":"58caffaa7f94d726:58caffaa7f94d726:0000000000000000:1","requestPath":"/health?val=value","retCode":0,"time":"2023-02-28 20:55:49","type":"http","userAgent":"PostmanRuntime-ApipostRuntime/1.1.0"}
{"clientIp":"127.0.0.1","dataLength":45,"handle":"main.main.func1","httpCode":200,"latency":15140,"level":"info","method":"GET","msg":"null","referer":"","requestBody":"","requestId":"5dfed18e4c041510:5dfed18e4c041510:0000000000000000:1","requestPath":"/health/6?val=value","retCode":0,"time":"2023-02-28 20:56:17","type":"http","userAgent":"PostmanRuntime-ApipostRuntime/1.1.0"}
{"clientIp":"127.0.0.1","dataLength":78,"handle":"github.com/basegin/controller.GetRedis","httpCode":200,"latency":0,"level":"info","method":"GET","msg":"null","referer":"","requestBody":"","requestId":"0c68dd8d9e3c5afc:0c68dd8d9e3c5afc:0000000000000000:1","requestPath":"/api/getRedis?val=val%E5%80%BC","retCode":0,"time":"2023-02-28 20:56:55","type":"http","userAgent":"PostmanRuntime-ApipostRuntime/1.1.0"}
{"clientIp":"127.0.0.1","dataLength":33,"handle":"github.com/basegin/controller.SetRedis","httpCode":200,"latency":1,"level":"info","method":"GET","msg":"null","referer":"","requestBody":"","requestId":"4460ac27a363bcb0:4460ac27a363bcb0:0000000000000000:1","requestPath":"/api/setRedis","retCode":0,"time":"2023-02-28 20:56:58","type":"http","userAgent":"PostmanRuntime-ApipostRuntime/1.1.0"}
{"level":"info","msg":"","time":"2023-02-28 20:58:29"}
{"level":"info","msg":"","time":"2023-02-28 20:58:29"}
{"level":"info","msg":"","time":"2023-02-28 20:58:29"}
{"level":"info","msg":"","time":"2023-02-28 20:58:29"}
{"level":"info","msg":"","time":"2023-02-28 20:58:29"}
{"level":"info","msg":"","time":"2023-02-28 20:58:29"}
{"level":"info","msg":"","time":"2023-02-28 20:58:29"}
{"level":"info","msg":"","time":"2023-02-28 20:58:29"}
{"level":"info","msg":"","time":"2023-02-28 20:58:29"}
{"level":"info","msg":"","time":"2023-02-28 20:58:29"}
{"clientIp":"127.0.0.1","dataLength":57,"handle":"github.com/basegin/controller.SetRedis","httpCode":200,"latency":0,"level":"info","method":"GET","msg":"null","referer":"","requestBody":"","requestId":"4f87b844ae6ba3cd:4f87b844ae6ba3cd:0000000000000000:1","requestPath":"/api/setRedis?val=%E8%BF%99%E6%98%AF%E4%B8%AAvalue","retCode":0,"time":"2023-02-28 20:58:39","type":"http","userAgent":"PostmanRuntime-ApipostRuntime/1.1.0"}
{"clientIp":"127.0.0.1","dataLength":0,"handle":"github.com/gin-gonic/gin.CustomRecoveryWithWriter.func1","httpCode":404,"latency":0,"level":"info","method":"GET","msg":"null","referer":"","requestBody":"","requestId":"097045435153decf:097045435153decf:0000000000000000:1","requestPath":"/api/getConfig","retCode":0,"time":"2023-02-28 21:01:51","type":"http","userAgent":"PostmanRuntime-ApipostRuntime/1.1.0"}
{"clientIp":"127.0.0.1","dataLength":0,"handle":"github.com/gin-gonic/gin.CustomRecoveryWithWriter.func1","httpCode":404,"latency":0,"level":"info","method":"GET","msg":"null","referer":"","requestBody":"","requestId":"32320493f746c959:32320493f746c959:0000000000000000:1","requestPath":"/api/getConfig","retCode":0,"time":"2023-02-28 21:01:54","type":"http","userAgent":"PostmanRuntime-ApipostRuntime/1.1.0"}
{"clientIp":"127.0.0.1","dataLength":0,"handle":"github.com/gin-gonic/gin.CustomRecoveryWithWriter.func1","httpCode":404,"latency":0,"level":"info","method":"GET","msg":"null","referer":"","requestBody":"","requestId":"3ad8d1b0cb220776:3ad8d1b0cb220776:0000000000000000:1","requestPath":"/api/getConfig?key=station_task","retCode":0,"time":"2023-02-28 21:01:58","type":"http","userAgent":"PostmanRuntime-ApipostRuntime/1.1.0"}
{"clientIp":"127.0.0.1","dataLength":0,"handle":"github.com/gin-gonic/gin.CustomRecoveryWithWriter.func1","httpCode":404,"latency":0,"level":"info","method":"GET","msg":"null","referer":"","requestBody":"","requestId":"2646de9ab27dee56:2646de9ab27dee56:0000000000000000:1","requestPath":"/api/getConfig?key=station_task","retCode":0,"time":"2023-02-28 21:02:15","type":"http","userAgent":"PostmanRuntime-ApipostRuntime/1.1.0"}
{"level":"info","msg":"","time":"2023-02-28 21:02:23"}
{"level":"info","msg":"","time":"2023-02-28 21:02:23"}
{"level":"info","msg":"","time":"2023-02-28 21:02:23"}
{"level":"info","msg":"","time":"2023-02-28 21:02:23"}
{"level":"info","msg":"","time":"2023-02-28 21:02:23"}
{"level":"info","msg":"","time":"2023-02-28 21:02:23"}
{"level":"info","msg":"","time":"2023-02-28 21:02:23"}
{"level":"info","msg":"","time":"2023-02-28 21:02:23"}
{"level":"info","msg":"","time":"2023-02-28 21:02:23"}
{"level":"info","msg":"","time":"2023-02-28 21:02:23"}
{"clientIp":"127.0.0.1","dataLength":0,"handle":"github.com/gin-gonic/gin.CustomRecoveryWithWriter.func1","httpCode":404,"latency":0,"level":"info","method":"GET","msg":"null","referer":"","requestBody":"","requestId":"786eca7148146066:786eca7148146066:0000000000000000:1","requestPath":"/api/getConfig?key=station_task","retCode":0,"time":"2023-02-28 21:02:28","type":"http","userAgent":"PostmanRuntime-ApipostRuntime/1.1.0"}
{"level":"info","msg":"{\"affectedrow\":1,\"duration\":25.23,\"level\":\"debug\",\"module\":\"gorm\",\"requestId\":\"2b53ffde4c710910:2b53ffde4c710910:0000000000000000:1\",\"sql\":\"SELECT * FROM `config`  WHERE (`key` = 'station_task')\",\"time\":\"2023-02-28 21:02:32\"}","time":"2023-02-28 21:02:32"}
{"clientIp":"127.0.0.1","dataLength":81,"handle":"github.com/basegin/controller.GetConfig","httpCode":200,"latency":27,"level":"info","method":"POST","msg":"{\"returnCode\":0,\"returnMsg\":\"succ\",\"returnUserMsg\":\"成功\",\"data\":{\"value\":\"1\"}}","referer":"","requestBody":"","requestId":"2b53ffde4c710910:2b53ffde4c710910:0000000000000000:1","requestPath":"/api/getConfig?key=station_task","retCode":0,"time":"2023-02-28 21:02:32","type":"http","userAgent":"PostmanRuntime-ApipostRuntime/1.1.0"}
{"level":"info","msg":"{\"affectedrow\":1,\"duration\":29.69,\"level\":\"debug\",\"module\":\"gorm\",\"requestId\":\"1877a6f9f72a2a86:1877a6f9f72a2a86:0000000000000000:1\",\"sql\":\"SELECT * FROM `config`  WHERE (`key` = 'station_task')\",\"time\":\"2023-02-28 21:03:09\"}","time":"2023-02-28 21:03:09"}
{"clientIp":"127.0.0.1","dataLength":81,"handle":"github.com/basegin/controller.GetConfig","httpCode":200,"latency":23230,"level":"info","method":"POST","msg":"{\"returnCode\":0,\"returnMsg\":\"succ\",\"returnUserMsg\":\"成功\",\"data\":{\"value\":\"1\"}}","referer":"","requestBody":"","requestId":"1877a6f9f72a2a86:1877a6f9f72a2a86:0000000000000000:1","requestPath":"/api/getConfig?key=station_task","retCode":0,"time":"2023-02-28 21:03:14","type":"http","userAgent":"PostmanRuntime-ApipostRuntime/1.1.0"}
{"level":"info","msg":"{\"affectedrow\":1,\"duration\":58.19,\"level\":\"debug\",\"module\":\"gorm\",\"requestId\":\"68d6669a344f8842:68d6669a344f8842:0000000000000000:1\",\"sql\":\"SELECT * FROM `config`  WHERE (`key` = 'station_task')\",\"time\":\"2023-02-28 21:03:34\"}","time":"2023-02-28 21:03:34"}
{"clientIp":"127.0.0.1","dataLength":81,"handle":"github.com/basegin/controller.GetConfig","httpCode":200,"latency":59099,"level":"info","method":"POST","msg":"{\"returnCode\":0,\"returnMsg\":\"succ\",\"returnUserMsg\":\"成功\",\"data\":{\"value\":\"1\"}}","referer":"","requestBody":"","requestId":"68d6669a344f8842:68d6669a344f8842:0000000000000000:1","requestPath":"/api/getConfig?key=station_task","retCode":0,"time":"2023-02-28 21:04:17","type":"http","userAgent":"PostmanRuntime-ApipostRuntime/1.1.0"}
{"level":"info","msg":"","time":"2023-02-28 21:09:26"}
{"level":"info","msg":"","time":"2023-02-28 21:09:26"}
{"level":"info","msg":"","time":"2023-02-28 21:09:26"}
{"level":"info","msg":"","time":"2023-02-28 21:09:26"}
{"level":"info","msg":"","time":"2023-02-28 21:09:26"}
{"level":"info","msg":"","time":"2023-02-28 21:09:26"}
{"level":"info","msg":"","time":"2023-02-28 21:09:26"}
{"level":"info","msg":"","time":"2023-02-28 21:09:26"}
{"level":"info","msg":"","time":"2023-02-28 21:09:26"}
{"level":"info","msg":"","time":"2023-02-28 21:09:26"}
{"level":"info","msg":"{\"affectedrow\":1,\"duration\":39.38,\"level\":\"debug\",\"module\":\"gorm\",\"requestId\":\"24a40dd6f22f3839:24a40dd6f22f3839:0000000000000000:1\",\"sql\":\"SELECT * FROM `config`  WHERE (`key` = 'station_task')\",\"time\":\"2023-02-28 21:09:35\"}","time":"2023-02-28 21:09:35"}
{"clientIp":"127.0.0.1","dataLength":119,"handle":"github.com/basegin/controller.GetConfig","httpCode":200,"latency":3391,"level":"info","method":"POST","msg":"{\"returnCode\":0,\"returnMsg\":\"succ\",\"returnUserMsg\":\"成功\",\"data\":{\"value\":{\"Id\":1,\"Key\":\"station_task\",\"Value\":\"1\"}}}","referer":"","requestBody":"","requestId":"24a40dd6f22f3839:24a40dd6f22f3839:0000000000000000:1","requestPath":"/api/getConfig?key=station_task","retCode":0,"time":"2023-02-28 21:09:35","type":"http","userAgent":"PostmanRuntime-ApipostRuntime/1.1.0"}
{"level":"info","msg":"{\"affectedrow\":1,\"duration\":28.29,\"level\":\"debug\",\"module\":\"gorm\",\"requestId\":\"6fe1c50eec4945f9:6fe1c50eec4945f9:0000000000000000:1\",\"sql\":\"SELECT * FROM `config`  WHERE (`key` = 'station_task')\",\"time\":\"2023-02-28 21:11:30\"}","time":"2023-02-28 21:11:30"}
{"clientIp":"127.0.0.1","dataLength":119,"handle":"github.com/basegin/controller.GetConfig","httpCode":200,"latency":30,"level":"info","method":"POST","msg":"{\"returnCode\":0,\"returnMsg\":\"succ\",\"returnUserMsg\":\"成功\",\"data\":{\"value\":{\"Id\":1,\"Key\":\"station_task\",\"Value\":\"1\"}}}","referer":"","requestBody":"","requestId":"6fe1c50eec4945f9:6fe1c50eec4945f9:0000000000000000:1","requestPath":"/api/getConfig?key=station_task","retCode":0,"time":"2023-02-28 21:11:30","type":"http","userAgent":"PostmanRuntime-ApipostRuntime/1.1.0"}
{"level":"info","msg":"","time":"2023-02-28 21:12:17"}
{"level":"info","msg":"","time":"2023-02-28 21:12:17"}
{"level":"info","msg":"","time":"2023-02-28 21:12:17"}
{"level":"info","msg":"","time":"2023-02-28 21:12:17"}
{"level":"info","msg":"","time":"2023-02-28 21:12:17"}
{"level":"info","msg":"","time":"2023-02-28 21:12:17"}
{"level":"info","msg":"","time":"2023-02-28 21:12:17"}
{"level":"info","msg":"","time":"2023-02-28 21:12:17"}
{"level":"info","msg":"","time":"2023-02-28 21:12:17"}
{"level":"info","msg":"","time":"2023-02-28 21:12:17"}
{"level":"info","msg":"{\"affectedrow\":1,\"duration\":76.27,\"level\":\"debug\",\"module\":\"gorm\",\"requestId\":\"4ac4b0b2f0cd9969:4ac4b0b2f0cd9969:0000000000000000:1\",\"sql\":\"SELECT * FROM `config`  WHERE (`key` = 'station_task')\",\"time\":\"2023-02-28 21:12:27\"}","time":"2023-02-28 21:12:27"}
{"clientIp":"127.0.0.1","dataLength":153,"handle":"github.com/basegin/controller.GetConfig","httpCode":200,"latency":79,"level":"info","method":"POST","msg":"{\"returnCode\":0,\"returnMsg\":\"succ\",\"returnUserMsg\":\"成功\",\"data\":{\"value\":{\"Id\":1,\"Key\":\"station_task\",\"Value\":\"1\",\"Desc\":\"搬箱定时任务开关\"}}}","referer":"","requestBody":"","requestId":"4ac4b0b2f0cd9969:4ac4b0b2f0cd9969:0000000000000000:1","requestPath":"/api/getConfig?key=station_task","retCode":0,"time":"2023-02-28 21:12:27","type":"http","userAgent":"PostmanRuntime-ApipostRuntime/1.1.0"}
{"level":"info","msg":"","time":"2023-02-28 21:16:55"}
{"level":"info","msg":"","time":"2023-02-28 21:16:55"}
{"level":"info","msg":"","time":"2023-02-28 21:16:55"}
{"level":"info","msg":"","time":"2023-02-28 21:16:55"}
{"level":"info","msg":"","time":"2023-02-28 21:16:55"}
{"level":"info","msg":"","time":"2023-02-28 21:16:55"}
{"level":"info","msg":"","time":"2023-02-28 21:16:55"}
{"level":"info","msg":"","time":"2023-02-28 21:16:55"}
{"level":"info","msg":"","time":"2023-02-28 21:16:55"}
{"level":"info","msg":"","time":"2023-02-28 21:16:55"}
{"clientIp":"127.0.0.1","dataLength":48,"handle":"github.com/basegin/controller.SetRedis","httpCode":200,"latency":1,"level":"info","method":"GET","msg":"null","referer":"","requestBody":"","requestId":"486242fa1405e94f:486242fa1405e94f:0000000000000000:1","requestPath":"/api/setRedis?key=key\u0026val=value","retCode":0,"time":"2023-02-28 21:17:19","type":"http","userAgent":"PostmanRuntime-ApipostRuntime/1.1.0"}
{"clientIp":"127.0.0.1","dataLength":78,"handle":"github.com/basegin/controller.GetRedis","httpCode":200,"latency":2,"level":"info","method":"GET","msg":"null","referer":"","requestBody":"","requestId":"07f09ff382a9bd2a:07f09ff382a9bd2a:0000000000000000:1","requestPath":"/api/getRedis?val=key","retCode":0,"time":"2023-02-28 21:20:27","type":"http","userAgent":"PostmanRuntime-ApipostRuntime/1.1.0"}
{"level":"info","msg":"","time":"2023-02-28 21:20:50"}
{"level":"info","msg":"","time":"2023-02-28 21:20:50"}
{"level":"info","msg":"","time":"2023-02-28 21:20:50"}
{"level":"info","msg":"","time":"2023-02-28 21:20:50"}
{"level":"info","msg":"","time":"2023-02-28 21:20:50"}
{"level":"info","msg":"","time":"2023-02-28 21:20:50"}
{"level":"info","msg":"","time":"2023-02-28 21:20:50"}
{"level":"info","msg":"","time":"2023-02-28 21:20:50"}
{"level":"info","msg":"","time":"2023-02-28 21:20:50"}
{"level":"info","msg":"","time":"2023-02-28 21:20:50"}
{"level":"info","msg":"","time":"2023-02-28 21:21:29"}
{"level":"info","msg":"","time":"2023-02-28 21:21:29"}
{"level":"info","msg":"","time":"2023-02-28 21:21:29"}
{"level":"info","msg":"","time":"2023-02-28 21:21:29"}
{"level":"info","msg":"","time":"2023-02-28 21:21:29"}
{"level":"info","msg":"","time":"2023-02-28 21:21:29"}
{"level":"info","msg":"","time":"2023-02-28 21:21:29"}
{"level":"info","msg":"","time":"2023-02-28 21:21:29"}
{"level":"info","msg":"","time":"2023-02-28 21:21:29"}
{"level":"info","msg":"","time":"2023-02-28 21:21:29"}
{"clientIp":"127.0.0.1","dataLength":10305,"handle":"github.com/basegin/controller.GetRedis","httpCode":200,"latency":1,"level":"info","method":"GET","msg":"null","referer":"","requestBody":"","requestId":"3fadefe32a24a5bd:3fadefe32a24a5bd:0000000000000000:1","requestPath":"/api/getRedis?val=key","retCode":0,"time":"2023-02-28 21:21:32","type":"http","userAgent":"PostmanRuntime-ApipostRuntime/1.1.0"}
{"level":"info","msg":"","time":"2023-02-28 21:40:24"}
{"level":"info","msg":"","time":"2023-02-28 21:40:24"}
{"level":"info","msg":"","time":"2023-02-28 21:40:24"}
{"level":"info","msg":"","time":"2023-02-28 21:40:24"}
{"level":"info","msg":"","time":"2023-02-28 21:40:24"}
{"level":"info","msg":"","time":"2023-02-28 21:40:24"}
{"level":"info","msg":"","time":"2023-02-28 21:40:24"}
{"level":"info","msg":"","time":"2023-02-28 21:40:24"}
{"level":"info","msg":"","time":"2023-02-28 21:40:24"}
{"level":"info","msg":"","time":"2023-02-28 21:40:24"}
{"level":"info","msg":"","time":"2023-02-28 21:49:07"}
{"level":"info","msg":"","time":"2023-02-28 21:49:07"}
{"level":"info","msg":"","time":"2023-02-28 21:49:07"}
{"level":"info","msg":"","time":"2023-02-28 21:49:07"}
{"level":"info","msg":"","time":"2023-02-28 21:49:07"}
{"level":"info","msg":"","time":"2023-02-28 21:49:07"}
{"level":"info","msg":"","time":"2023-02-28 21:49:07"}
{"level":"info","msg":"","time":"2023-02-28 21:49:07"}
{"level":"info","msg":"","time":"2023-02-28 21:49:07"}
{"level":"info","msg":"","time":"2023-02-28 21:49:07"}
